app/build/intermediates/manifest_merge_blame_file/debug/processDebugMainManifest/manifest-merger-blame-debug-report.txt
1<?xml version="1.0" encoding="utf-8"?>
2<manifest xmlns:android="http://schemas.android.com/apk/res/android"
3    package="com.mesh.voda"
4    android:versionCode="1"
5    android:versionName="1.0.0" >
6
7    <uses-sdk
8        android:minSdkVersion="26"
9        android:targetSdkVersion="35" />
10
11    <uses-permission android:name="android.permission.INTERNET" />
11-->src\main\AndroidManifest.xml:4:5-67
11-->src\main\AndroidManifest.xml:4:22-64
12    <uses-permission android:name="android.permission.ACCESS_FINE_LOCATION" />
12-->src\main\AndroidManifest.xml:5:5-79
12-->src\main\AndroidManifest.xml:5:22-76
13    <uses-permission android:name="android.permission.ACCESS_COARSE_LOCATION" />
13-->src\main\AndroidManifest.xml:6:5-81
13-->src\main\AndroidManifest.xml:6:22-78
14
15    <permission
15-->[androidx.core:core:1.16.0] AndroidManifest.xml:22:5-24:47
16        android:name="com.mesh.voda.DYNAMIC_RECEIVER_NOT_EXPORTED_PERMISSION"
16-->[androidx.core:core:1.16.0] AndroidManifest.xml:23:9-81
17        android:protectionLevel="signature" />
17-->[androidx.core:core:1.16.0] AndroidManifest.xml:24:9-44
18
19    <uses-permission android:name="com.mesh.voda.DYNAMIC_RECEIVER_NOT_EXPORTED_PERMISSION" />
19-->[androidx.core:core:1.16.0] AndroidManifest.xml:26:5-97
19-->[androidx.core:core:1.16.0] AndroidManifest.xml:26:22-94
20
21    <application
21-->src\main\AndroidManifest.xml:8:5-27:19
22        android:name="com.mesh.voda.VodaApplication"
22-->src\main\AndroidManifest.xml:9:9-40
23        android:allowBackup="true"
23-->src\main\AndroidManifest.xml:10:9-35
24        android:appComponentFactory="androidx.core.app.CoreComponentFactory"
24-->[androidx.core:core:1.16.0] AndroidManifest.xml:28:18-86
25        android:debuggable="true"
26        android:extractNativeLibs="false"
27        android:icon="@mipmap/ic_launcher"
27-->src\main\AndroidManifest.xml:11:9-43
28        android:label="@string/app_name"
28-->src\main\AndroidManifest.xml:12:9-41
29        android:roundIcon="@mipmap/ic_launcher_round"
29-->src\main\AndroidManifest.xml:13:9-54
30        android:supportsRtl="true"
30-->src\main\AndroidManifest.xml:14:9-35
31        android:testOnly="true"
32        android:theme="@style/Theme.VoDa" >
32-->src\main\AndroidManifest.xml:15:9-42
33        <activity
33-->src\main\AndroidManifest.xml:17:9-25:20
34            android:name="com.mesh.voda.MainActivity"
34-->src\main\AndroidManifest.xml:18:13-41
35            android:exported="true"
35-->src\main\AndroidManifest.xml:19:13-36
36            android:theme="@style/Theme.VoDa" >
36-->src\main\AndroidManifest.xml:20:13-46
37            <intent-filter>
37-->src\main\AndroidManifest.xml:21:13-24:29
38                <action android:name="android.intent.action.MAIN" />
38-->src\main\AndroidManifest.xml:22:17-69
38-->src\main\AndroidManifest.xml:22:25-66
39
40                <category android:name="android.intent.category.LAUNCHER" />
40-->src\main\AndroidManifest.xml:23:17-77
40-->src\main\AndroidManifest.xml:23:27-74
41            </intent-filter>
42        </activity>
43        <activity
43-->[androidx.compose.ui:ui-tooling-android:1.7.8] AndroidManifest.xml:23:9-25:39
44            android:name="androidx.compose.ui.tooling.PreviewActivity"
44-->[androidx.compose.ui:ui-tooling-android:1.7.8] AndroidManifest.xml:24:13-71
45            android:exported="true" />
45-->[androidx.compose.ui:ui-tooling-android:1.7.8] AndroidManifest.xml:25:13-36
46
47        <provider
47-->[androidx.emoji2:emoji2:1.3.0] AndroidManifest.xml:24:9-32:20
48            android:name="androidx.startup.InitializationProvider"
48-->[androidx.emoji2:emoji2:1.3.0] AndroidManifest.xml:25:13-67
49            android:authorities="com.mesh.voda.androidx-startup"
49-->[androidx.emoji2:emoji2:1.3.0] AndroidManifest.xml:26:13-68
50            android:exported="false" >
50-->[androidx.emoji2:emoji2:1.3.0] AndroidManifest.xml:27:13-37
51            <meta-data
51-->[androidx.emoji2:emoji2:1.3.0] AndroidManifest.xml:29:13-31:52
52                android:name="androidx.emoji2.text.EmojiCompatInitializer"
52-->[androidx.emoji2:emoji2:1.3.0] AndroidManifest.xml:30:17-75
53                android:value="androidx.startup" />
53-->[androidx.emoji2:emoji2:1.3.0] AndroidManifest.xml:31:17-49
54            <meta-data
54-->[androidx.lifecycle:lifecycle-process:2.9.0] AndroidManifest.xml:29:13-31:52
55                android:name="androidx.lifecycle.ProcessLifecycleInitializer"
55-->[androidx.lifecycle:lifecycle-process:2.9.0] AndroidManifest.xml:30:17-78
56                android:value="androidx.startup" />
56-->[androidx.lifecycle:lifecycle-process:2.9.0] AndroidManifest.xml:31:17-49
57            <meta-data
57-->[androidx.profileinstaller:profileinstaller:1.4.0] AndroidManifest.xml:29:13-31:52
58                android:name="androidx.profileinstaller.ProfileInstallerInitializer"
58-->[androidx.profileinstaller:profileinstaller:1.4.0] AndroidManifest.xml:30:17-85
59                android:value="androidx.startup" />
59-->[androidx.profileinstaller:profileinstaller:1.4.0] AndroidManifest.xml:31:17-49
60        </provider>
61
62        <activity
62-->[androidx.compose.ui:ui-test-manifest:1.7.8] AndroidManifest.xml:23:9-25:39
63            android:name="androidx.activity.ComponentActivity"
63-->[androidx.compose.ui:ui-test-manifest:1.7.8] AndroidManifest.xml:24:13-63
64            android:exported="true" />
64-->[androidx.compose.ui:ui-test-manifest:1.7.8] AndroidManifest.xml:25:13-36
65
66        <receiver
66-->[androidx.profileinstaller:profileinstaller:1.4.0] AndroidManifest.xml:34:9-52:20
67            android:name="androidx.profileinstaller.ProfileInstallReceiver"
67-->[androidx.profileinstaller:profileinstaller:1.4.0] AndroidManifest.xml:35:13-76
68            android:directBootAware="false"
68-->[androidx.profileinstaller:profileinstaller:1.4.0] AndroidManifest.xml:36:13-44
69            android:enabled="true"
69-->[androidx.profileinstaller:profileinstaller:1.4.0] AndroidManifest.xml:37:13-35
70            android:exported="true"
70-->[androidx.profileinstaller:profileinstaller:1.4.0] AndroidManifest.xml:38:13-36
71            android:permission="android.permission.DUMP" >
71-->[androidx.profileinstaller:profileinstaller:1.4.0] AndroidManifest.xml:39:13-57
72            <intent-filter>
72-->[androidx.profileinstaller:profileinstaller:1.4.0] AndroidManifest.xml:40:13-42:29
73                <action android:name="androidx.profileinstaller.action.INSTALL_PROFILE" />
73-->[androidx.profileinstaller:profileinstaller:1.4.0] AndroidManifest.xml:41:17-91
73-->[androidx.profileinstaller:profileinstaller:1.4.0] AndroidManifest.xml:41:25-88
74            </intent-filter>
75            <intent-filter>
75-->[androidx.profileinstaller:profileinstaller:1.4.0] AndroidManifest.xml:43:13-45:29
76                <action android:name="androidx.profileinstaller.action.SKIP_FILE" />
76-->[androidx.profileinstaller:profileinstaller:1.4.0] AndroidManifest.xml:44:17-85
76-->[androidx.profileinstaller:profileinstaller:1.4.0] AndroidManifest.xml:44:25-82
77            </intent-filter>
78            <intent-filter>
78-->[androidx.profileinstaller:profileinstaller:1.4.0] AndroidManifest.xml:46:13-48:29
79                <action android:name="androidx.profileinstaller.action.SAVE_PROFILE" />
79-->[androidx.profileinstaller:profileinstaller:1.4.0] AndroidManifest.xml:47:17-88
79-->[androidx.profileinstaller:profileinstaller:1.4.0] AndroidManifest.xml:47:25-85
80            </intent-filter>
81            <intent-filter>
81-->[androidx.profileinstaller:profileinstaller:1.4.0] AndroidManifest.xml:49:13-51:29
82                <action android:name="androidx.profileinstaller.action.BENCHMARK_OPERATION" />
82-->[androidx.profileinstaller:profileinstaller:1.4.0] AndroidManifest.xml:50:17-95
82-->[androidx.profileinstaller:profileinstaller:1.4.0] AndroidManifest.xml:50:25-92
83            </intent-filter>
84        </receiver>
85    </application>
86
87</manifest>